
--- Query: who is ankur pandey sir? ---
[1] Score: 0.864
Record from faculty table:
Faculty id: 65
Name: Dr. Ankur Pandey
Designation: Assistant Professor (Selection Grade)
Department id: 5
Department id (from departments): 5
Department name (from departments): Department of Computer Science & Engineering
---
[2] Score: 0.792
Record from faculty table:
Faculty id: 64
Name: Dr. Ankit Shrivastava
Designation: Assistant Professor (Senior Scale)
Department id: 5
Department id (from departments): 5
Department name (from departments): Department of Computer Science & Engineering
---
[3] Score: 0.788
Record from faculty table:
Faculty id: 37
Name: Dr. Sneha Thakur
Designation: Assistant Professor
Department id: 3
Department id (from departments): 3
Department name (from departments): Department of Languages, Literatures and Cultural Studies
---
[4] Score: 0.787
Record from faculty table:
Faculty id: 76
Name: Dr. Divya Thakur
Designation: Assistant Professor
Department id: 5
Department id (from departments): 5
Department name (from departments): Department of Computer Science & Engineering
---
[5] Score: 0.780
Record from faculty table:
Faculty id: 51
Name: Dr. Neha Chaudhary
Designation: Professor & HoD
Department id: 5
Department id (from departments): 5
Department name (from departments): Department of Computer Science & Engineering
---
